<?xml version="1.0" encoding="UTF-8"?>
<testsuite xmlns:xsi="http://www.w3.org/2001/XMLSchema-instance" xsi:noNamespaceSchemaLocation="https://maven.apache.org/surefire/maven-surefire-plugin/xsd/surefire-test-report-3.0.xsd" version="3.0" name="starter.runners.PurchaseCucumberRunner" time="14.98" tests="1" errors="0" skipped="0" failures="1">
  <properties>
[...]
</properties>
  <testcase name="Usuario completa una compra exitosa" classname="E2E de compra en Saucedemo" time="7.827">
    <failure message="&#10;Expected: &quot;THANK YOU FOR YOUR ORDER&quot;&#10;     but: was &quot;Thank you for your order!&quot;" type="java.lang.AssertionError"><![CDATA[java.lang.AssertionError: 

Expected: "THANK YOU FOR YOUR ORDER"
     but: was "Thank you for your order!"
	at net.serenitybdd.screenplay.ErrorTally.throwSummaryExceptionFrom(ErrorTally.java:38)
	at net.serenitybdd.screenplay.ErrorTally.reportAnyErrors(ErrorTally.java:32)
	at net.serenitybdd.screenplay.Actor.should(Actor.java:395)
	at starter.stepdefinitions.PurchaseSteps.veElMensajeDeConfirmacionDeLaOrden(PurchaseSteps.java:51)
	at ✽.ve el mensaje de confirmación de la orden(file:///C:/Users/USER/Documents/saucedemo-serenity-screenplay-cucumber/src/test/resources/features/purchase/purchase_flow.feature:8)
]]></failure>
    <system-out><![CDATA[
Scenario: Usuario completa una compra exitosa    &amp#27;[90m# src/test/resources/features/purchase/purchase_flow.feature:3&amp#27;[0m
  &amp#27;[32mGiven &amp#27;[0m&amp#27;[32mque Jordy abre la aplicaciÃ³n&amp#27;[0m             &amp#27;[90m# starter.stepdefinitions.PurchaseSteps.queJordyAbreLaAplicacion()&amp#27;[0m
  &amp#27;[32mWhen &amp#27;[0m&amp#27;[32minicia sesiÃ³n con credenciales vÃ¡lidas&amp#27;[0m    &amp#27;[90m# starter.stepdefinitions.PurchaseSteps.iniciaSesionConCredencialesValidas()&amp#27;[0m
  &amp#27;[32mAnd &amp#27;[0m&amp#27;[32magrega dos productos al carrito&amp#27;[0m            &amp#27;[90m# starter.stepdefinitions.PurchaseSteps.agregaDosProductosAlCarrito()&amp#27;[0m
  &amp#27;[32mAnd &amp#27;[0m&amp#27;[32mcompleta el checkout con sus datos&amp#27;[0m         &amp#27;[90m# starter.stepdefinitions.PurchaseSteps.completaElCheckoutConSusDatos()&amp#27;[0m
  &amp#27;[31mThen &amp#27;[0m&amp#27;[31mve el mensaje de confirmaciÃ³n de la orden&amp#27;[0m &amp#27;[90m# starter.stepdefinitions.PurchaseSteps.veElMensajeDeConfirmacionDeLaOrden()&amp#27;[0m
      &amp#27;[31mjava.lang.AssertionError: 
Expected: "THANK YOU FOR YOUR ORDER"
     but: was "Thank you for your order!"
	at net.serenitybdd.screenplay.ErrorTally.throwSummaryExceptionFrom(ErrorTally.java:38)
	at net.serenitybdd.screenplay.ErrorTally.reportAnyErrors(ErrorTally.java:32)
	at net.serenitybdd.screenplay.Actor.should(Actor.java:395)
	at starter.stepdefinitions.PurchaseSteps.veElMensajeDeConfirmacionDeLaOrden(PurchaseSteps.java:51)
	at âœ½.ve el mensaje de confirmaciÃ³n de la orden(file:///C:/Users/USER/Documents/saucedemo-serenity-screenplay-cucumber/src/test/resources/features/purchase/purchase_flow.feature:8)
&amp#27;[0m
]]></system-out>
    <system-err><![CDATA[SLF4J(W): No SLF4J providers were found.
SLF4J(W): Defaulting to no-operation (NOP) logger implementation
SLF4J(W): See https://www.slf4j.org/codes.html#noProviders for further details.
Oct 25, 2025 6:02:44 PM org.openqa.selenium.devtools.CdpVersionFinder findNearestMatch
WARNING: Unable to find CDP implementation matching 141
Oct 25, 2025 6:02:44 PM org.openqa.selenium.chromium.ChromiumDriver lambda$new$5
WARNING: Unable to find version of CDP to use for 141.0.7390.123. You may need to include a dependency on a specific version of the CDP using something similar to `org.seleniumhq.selenium:selenium-devtools-v86:4.19.1` where the version ("v86") matches the version of the chromium-based browser you're using and the version number of the artifact is the same as Selenium's.
]]></system-err>
  </testcase>
</testsuite>