<?xml version="1.0" encoding="UTF-8" standalone="no"?><testsuite errors="0" failures="1" name="E2E de compra en Saucedemo" skipped="0" tests="1" time="7.92" timestamp="2025-10-26 07:28:28"><testcase name="Usuario completa una compra exitosa"><failure message="&#13;&#10;Expected: &quot;THANK YOU FOR YOUR ORDER&quot;&#13;&#10;     but: was &quot;Thank you for your order!&quot;" type="java.lang.AssertionError">&#13;
Expected: "THANK YOU FOR YOUR ORDER"&#13;
     but: was "Thank you for your order!"</failure><system-err>&#13;
Expected: "THANK YOU FOR YOUR ORDER"&#13;
     but: was "Thank you for your order!"&#13;
starter.stepdefinitions.PurchaseSteps.veElMensajeDeConfirmacionDeLaOrden(PurchaseSteps.java:51)&#13;
✽.ve el mensaje de confirmación de la orden(file:///C:/Users/USER/Downloads/PRUEBAS/selenium/serenity-bdd-saucedemo-e2e/src/test/resources/features/purchase/purchase_flow.feature:8)&#13;
</system-err></testcase></testsuite>